<?xml version="1.0" encoding="UTF-8"?>
<!-- Generated by org.testng.reporters.JUnitReportReporter -->
<testsuite name="gojek.automation.cleartrip.RoundTripBookingTest" tests="1" time="191.067" ignored="0" failures="0" timestamp="26 Jan 2017 21:47:55 GMT" skipped="0" hostname="vikas-PC" errors="0">
  <testcase name="bookRoundTrip" time="191.067" classname="gojek.automation.cleartrip.RoundTripBookingTest"/>
</testsuite> <!-- gojek.automation.cleartrip.RoundTripBookingTest -->
